<?xml version="1.0" encoding="UTF-8"?>
<testsuite name="nopcommerce Test"
           tests="2"
           failures="0"
           errors="0"
           skipped="0"
           time="67.325">
  <properties />
  
  
            <testcase name="verifyUserShouldNavigateToCellPhonesPageSuccessfully" time="1.279" classname="com.nopcommerce.demo.testsuite.ElectronicsTest" />
                <testcase name="verifyThatTheProductAddedSuccessfullyAndPlaceOrderSuccessfully" time="66.046" classname="com.nopcommerce.demo.testsuite.ElectronicsTest" />
      
</testsuite>
